warning: The selected output language "russian" has not been updated
since release 1.8.15.  As a result some sentences may appear in English.

C:/Users/suslo/Documents/Quadro/funcs.cpp:62: warning: argument 'correctX1' of command @param is not found in the argument list of TestSolveLinear(const double a, const double b, int correctRootsCount,...)
C:/Users/suslo/Documents/Quadro/funcs.cpp:157: warning: argument 'correctX1' of command @param is not found in the argument list of TestSolveQuad(const double a, const double b, const double c, const int correctRootsCount,...)
C:/Users/suslo/Documents/Quadro/funcs.cpp:157: warning: argument 'correctX2' of command @param is not found in the argument list of TestSolveQuad(const double a, const double b, const double c, const int correctRootsCount,...)
C:/Users/suslo/Documents/Quadro/funcs.cpp:62: warning: argument 'correctX1' of command @param is not found in the argument list of TestSolveLinear(const double a, const double b, int correctRootsCount,...)
C:/Users/suslo/Documents/Quadro/funcs.cpp:157: warning: argument 'correctX1' of command @param is not found in the argument list of TestSolveQuad(const double a, const double b, const double c, const int correctRootsCount,...)
C:/Users/suslo/Documents/Quadro/funcs.cpp:157: warning: argument 'correctX2' of command @param is not found in the argument list of TestSolveQuad(const double a, const double b, const double c, const int correctRootsCount,...)
C:/Users/suslo/Documents/Quadro/doxygen/html/funcs_8cpp__dep__incl.dot:1: error: Problems running dot: exit code=-1, command='dot', arguments='"C:/Users/suslo/Documents/Quadro/doxygen/html/funcs_8cpp__dep__incl.dot" -Tpng -o "C:/Users/suslo/Documents/Quadro/doxygen/html/funcs_8cpp__dep__incl.png"'

C:/Users/suslo/Documents/Quadro/doxygen/html/funcs_8cpp_aee7e8ec4833d53341f09285828c4ca6b_cgraph.dot:1: error: Problems running dot: exit code=-1, command='dot', arguments='"C:/Users/suslo/Documents/Quadro/doxygen/html/funcs_8cpp_aee7e8ec4833d53341f09285828c4ca6b_cgraph.dot" -Tpng -o "C:/Users/suslo/Documents/Quadro/doxygen/html/funcs_8cpp_aee7e8ec4833d53341f09285828c4ca6b_cgraph.png"'

C:/Users/suslo/Documents/Quadro/doxygen/html/globals_8h__dep__incl.dot:1: error: Problems running dot: exit code=-1, command='dot', arguments='"C:/Users/suslo/Documents/Quadro/doxygen/html/globals_8h__dep__incl.dot" -Tpng -o "C:/Users/suslo/Documents/Quadro/doxygen/html/globals_8h__dep__incl.png"'

C:/Users/suslo/Documents/Quadro/doxygen/html/graph_legend.dot:1: error: Problems running dot: exit code=-1, command='dot', arguments='"C:/Users/suslo/Documents/Quadro/doxygen/html/graph_legend.dot" -Tpng -o "C:/Users/suslo/Documents/Quadro/doxygen/html/graph_legend.png"'

C:/Users/suslo/Documents/Quadro/doxygen/html/globals_8h_a66d4915a2b88c79f8a3c5fbf72438f11_cgraph.dot:1: error: Problems running dot: exit code=-1, command='dot', arguments='"C:/Users/suslo/Documents/Quadro/doxygen/html/globals_8h_a66d4915a2b88c79f8a3c5fbf72438f11_cgraph.dot" -Tpng -o "C:/Users/suslo/Documents/Quadro/doxygen/html/globals_8h_a66d4915a2b88c79f8a3c5fbf72438f11_cgraph.png"'

C:/Users/suslo/Documents/Quadro/doxygen/html/funcs_8cpp_a75f5ed478cb34eb67ceca6d2c3c41dab_cgraph.dot:1: error: Problems running dot: exit code=-1, command='dot', arguments='"C:/Users/suslo/Documents/Quadro/doxygen/html/funcs_8cpp_a75f5ed478cb34eb67ceca6d2c3c41dab_cgraph.dot" -Tpng -o "C:/Users/suslo/Documents/Quadro/doxygen/html/funcs_8cpp_a75f5ed478cb34eb67ceca6d2c3c41dab_cgraph.png"'

C:/Users/suslo/Documents/Quadro/doxygen/html/globals_8h_ae380476255b6b9195c35ca5dbc6f3807_cgraph.dot:1: error: Problems running dot: exit code=-1, command='dot', arguments='"C:/Users/suslo/Documents/Quadro/doxygen/html/globals_8h_ae380476255b6b9195c35ca5dbc6f3807_cgraph.dot" -Tpng -o "C:/Users/suslo/Documents/Quadro/doxygen/html/globals_8h_ae380476255b6b9195c35ca5dbc6f3807_cgraph.png"'

C:/Users/suslo/Documents/Quadro/doxygen/html/funcs_8cpp_a822d8c58f0396415fad5086f5c80c15f_cgraph.dot:1: error: Problems running dot: exit code=-1, command='dot', arguments='"C:/Users/suslo/Documents/Quadro/doxygen/html/funcs_8cpp_a822d8c58f0396415fad5086f5c80c15f_cgraph.dot" -Tpng -o "C:/Users/suslo/Documents/Quadro/doxygen/html/funcs_8cpp_a822d8c58f0396415fad5086f5c80c15f_cgraph.png"'

C:/Users/suslo/Documents/Quadro/doxygen/html/funcs_8cpp_a66d4915a2b88c79f8a3c5fbf72438f11_cgraph.dot:1: error: Problems running dot: exit code=-1, command='dot', arguments='"C:/Users/suslo/Documents/Quadro/doxygen/html/funcs_8cpp_a66d4915a2b88c79f8a3c5fbf72438f11_cgraph.dot" -Tpng -o "C:/Users/suslo/Documents/Quadro/doxygen/html/funcs_8cpp_a66d4915a2b88c79f8a3c5fbf72438f11_cgraph.png"'

C:/Users/suslo/Documents/Quadro/doxygen/html/funcs_8cpp_a61f86e3b5b1c16db6844d20aab5736f1_cgraph.dot:1: error: Problems running dot: exit code=-1, command='dot', arguments='"C:/Users/suslo/Documents/Quadro/doxygen/html/funcs_8cpp_a61f86e3b5b1c16db6844d20aab5736f1_cgraph.dot" -Tpng -o "C:/Users/suslo/Documents/Quadro/doxygen/html/funcs_8cpp_a61f86e3b5b1c16db6844d20aab5736f1_cgraph.png"'

C:/Users/suslo/Documents/Quadro/doxygen/html/globals_8h_aee7e8ec4833d53341f09285828c4ca6b_cgraph.dot:1: error: Problems running dot: exit code=-1, command='dot', arguments='"C:/Users/suslo/Documents/Quadro/doxygen/html/globals_8h_aee7e8ec4833d53341f09285828c4ca6b_cgraph.dot" -Tpng -o "C:/Users/suslo/Documents/Quadro/doxygen/html/globals_8h_aee7e8ec4833d53341f09285828c4ca6b_cgraph.png"'

C:/Users/suslo/Documents/Quadro/doxygen/html/globals_8h_acc9aedafa94c0518a0af65ebc3240fb8_cgraph.dot:1: error: Problems running dot: exit code=-1, command='dot', arguments='"C:/Users/suslo/Documents/Quadro/doxygen/html/globals_8h_acc9aedafa94c0518a0af65ebc3240fb8_cgraph.dot" -Tpng -o "C:/Users/suslo/Documents/Quadro/doxygen/html/globals_8h_acc9aedafa94c0518a0af65ebc3240fb8_cgraph.png"'

C:/Users/suslo/Documents/Quadro/doxygen/html/funcs_8cpp_ae380476255b6b9195c35ca5dbc6f3807_cgraph.dot:1: error: Problems running dot: exit code=-1, command='dot', arguments='"C:/Users/suslo/Documents/Quadro/doxygen/html/funcs_8cpp_ae380476255b6b9195c35ca5dbc6f3807_cgraph.dot" -Tpng -o "C:/Users/suslo/Documents/Quadro/doxygen/html/funcs_8cpp_ae380476255b6b9195c35ca5dbc6f3807_cgraph.png"'

C:/Users/suslo/Documents/Quadro/doxygen/html/main_8cpp_ae66f6b31b5ad750f1fe042a706a4e3d4_cgraph.dot:1: error: Problems running dot: exit code=-1, command='dot', arguments='"C:/Users/suslo/Documents/Quadro/doxygen/html/main_8cpp_ae66f6b31b5ad750f1fe042a706a4e3d4_cgraph.dot" -Tpng -o "C:/Users/suslo/Documents/Quadro/doxygen/html/main_8cpp_ae66f6b31b5ad750f1fe042a706a4e3d4_cgraph.png"'

C:/Users/suslo/Documents/Quadro/doxygen/html/funcs_8cpp_acc9aedafa94c0518a0af65ebc3240fb8_cgraph.dot:1: error: Problems running dot: exit code=-1, command='dot', arguments='"C:/Users/suslo/Documents/Quadro/doxygen/html/funcs_8cpp_acc9aedafa94c0518a0af65ebc3240fb8_cgraph.dot" -Tpng -o "C:/Users/suslo/Documents/Quadro/doxygen/html/funcs_8cpp_acc9aedafa94c0518a0af65ebc3240fb8_cgraph.png"'

C:/Users/suslo/Documents/Quadro/doxygen/html/globals_8h_a822d8c58f0396415fad5086f5c80c15f_cgraph.dot:1: error: Problems running dot: exit code=-1, command='dot', arguments='"C:/Users/suslo/Documents/Quadro/doxygen/html/globals_8h_a822d8c58f0396415fad5086f5c80c15f_cgraph.dot" -Tpng -o "C:/Users/suslo/Documents/Quadro/doxygen/html/globals_8h_a822d8c58f0396415fad5086f5c80c15f_cgraph.png"'

C:/Users/suslo/Documents/Quadro/doxygen/html/main_8cpp__incl.dot:1: error: Problems running dot: exit code=-1, command='dot', arguments='"C:/Users/suslo/Documents/Quadro/doxygen/html/main_8cpp__incl.dot" -Tpng -o "C:/Users/suslo/Documents/Quadro/doxygen/html/main_8cpp__incl.png"'

C:/Users/suslo/Documents/Quadro/doxygen/html/globals_8h_a75f5ed478cb34eb67ceca6d2c3c41dab_cgraph.dot:1: error: Problems running dot: exit code=-1, command='dot', arguments='"C:/Users/suslo/Documents/Quadro/doxygen/html/globals_8h_a75f5ed478cb34eb67ceca6d2c3c41dab_cgraph.dot" -Tpng -o "C:/Users/suslo/Documents/Quadro/doxygen/html/globals_8h_a75f5ed478cb34eb67ceca6d2c3c41dab_cgraph.png"'

C:/Users/suslo/Documents/Quadro/doxygen/html/globals_8h_ae9c6577c34ca9d03bd4b21da8a0d298f_cgraph.dot:1: error: Problems running dot: exit code=-1, command='dot', arguments='"C:/Users/suslo/Documents/Quadro/doxygen/html/globals_8h_ae9c6577c34ca9d03bd4b21da8a0d298f_cgraph.dot" -Tpng -o "C:/Users/suslo/Documents/Quadro/doxygen/html/globals_8h_ae9c6577c34ca9d03bd4b21da8a0d298f_cgraph.png"'

error: problems opening map file C:/Users/suslo/Documents/Quadro/doxygen/html/funcs_8cpp__dep__incl.map for inclusion in the docs!
If you installed Graphviz/dot after a previous failing run, 
try deleting the output directory and rerun doxygen.
error: problems opening map file C:/Users/suslo/Documents/Quadro/doxygen/html/funcs_8cpp_aee7e8ec4833d53341f09285828c4ca6b_cgraph.map for inclusion in the docs!
If you installed Graphviz/dot after a previous failing run, 
try deleting the output directory and rerun doxygen.
error: problems opening map file C:/Users/suslo/Documents/Quadro/doxygen/html/funcs_8cpp_acc9aedafa94c0518a0af65ebc3240fb8_cgraph.map for inclusion in the docs!
If you installed Graphviz/dot after a previous failing run, 
try deleting the output directory and rerun doxygen.
error: problems opening map file C:/Users/suslo/Documents/Quadro/doxygen/html/funcs_8cpp_a822d8c58f0396415fad5086f5c80c15f_cgraph.map for inclusion in the docs!
If you installed Graphviz/dot after a previous failing run, 
try deleting the output directory and rerun doxygen.
error: problems opening map file C:/Users/suslo/Documents/Quadro/doxygen/html/funcs_8cpp_ae380476255b6b9195c35ca5dbc6f3807_cgraph.map for inclusion in the docs!
If you installed Graphviz/dot after a previous failing run, 
try deleting the output directory and rerun doxygen.
error: problems opening map file C:/Users/suslo/Documents/Quadro/doxygen/html/funcs_8cpp_a75f5ed478cb34eb67ceca6d2c3c41dab_cgraph.map for inclusion in the docs!
If you installed Graphviz/dot after a previous failing run, 
try deleting the output directory and rerun doxygen.
error: problems opening map file C:/Users/suslo/Documents/Quadro/doxygen/html/funcs_8cpp_a61f86e3b5b1c16db6844d20aab5736f1_cgraph.map for inclusion in the docs!
If you installed Graphviz/dot after a previous failing run, 
try deleting the output directory and rerun doxygen.
error: problems opening map file C:/Users/suslo/Documents/Quadro/doxygen/html/funcs_8cpp_a66d4915a2b88c79f8a3c5fbf72438f11_cgraph.map for inclusion in the docs!
If you installed Graphviz/dot after a previous failing run, 
try deleting the output directory and rerun doxygen.
error: problems opening map file C:/Users/suslo/Documents/Quadro/doxygen/html/globals_8h__dep__incl.map for inclusion in the docs!
If you installed Graphviz/dot after a previous failing run, 
try deleting the output directory and rerun doxygen.
error: problems opening map file C:/Users/suslo/Documents/Quadro/doxygen/html/globals_8h_aee7e8ec4833d53341f09285828c4ca6b_cgraph.map for inclusion in the docs!
If you installed Graphviz/dot after a previous failing run, 
try deleting the output directory and rerun doxygen.
error: problems opening map file C:/Users/suslo/Documents/Quadro/doxygen/html/globals_8h_acc9aedafa94c0518a0af65ebc3240fb8_cgraph.map for inclusion in the docs!
If you installed Graphviz/dot after a previous failing run, 
try deleting the output directory and rerun doxygen.
error: problems opening map file C:/Users/suslo/Documents/Quadro/doxygen/html/globals_8h_a822d8c58f0396415fad5086f5c80c15f_cgraph.map for inclusion in the docs!
If you installed Graphviz/dot after a previous failing run, 
try deleting the output directory and rerun doxygen.
error: problems opening map file C:/Users/suslo/Documents/Quadro/doxygen/html/globals_8h_ae380476255b6b9195c35ca5dbc6f3807_cgraph.map for inclusion in the docs!
If you installed Graphviz/dot after a previous failing run, 
try deleting the output directory and rerun doxygen.
error: problems opening map file C:/Users/suslo/Documents/Quadro/doxygen/html/globals_8h_a75f5ed478cb34eb67ceca6d2c3c41dab_cgraph.map for inclusion in the docs!
If you installed Graphviz/dot after a previous failing run, 
try deleting the output directory and rerun doxygen.
error: problems opening map file C:/Users/suslo/Documents/Quadro/doxygen/html/globals_8h_ae9c6577c34ca9d03bd4b21da8a0d298f_cgraph.map for inclusion in the docs!
If you installed Graphviz/dot after a previous failing run, 
try deleting the output directory and rerun doxygen.
error: problems opening map file C:/Users/suslo/Documents/Quadro/doxygen/html/globals_8h_a66d4915a2b88c79f8a3c5fbf72438f11_cgraph.map for inclusion in the docs!
If you installed Graphviz/dot after a previous failing run, 
try deleting the output directory and rerun doxygen.
error: problems opening map file C:/Users/suslo/Documents/Quadro/doxygen/html/main_8cpp__incl.map for inclusion in the docs!
If you installed Graphviz/dot after a previous failing run, 
try deleting the output directory and rerun doxygen.
error: problems opening map file C:/Users/suslo/Documents/Quadro/doxygen/html/main_8cpp_ae66f6b31b5ad750f1fe042a706a4e3d4_cgraph.map for inclusion in the docs!
If you installed Graphviz/dot after a previous failing run, 
try deleting the output directory and rerun doxygen.
error: failed to run html help compiler on index.hhp
